g:\winter2023\componentframework23\componentframework\debug\vc142.pdb
g:\winter2023\componentframework23\componentframework\debug\vc142.idb
g:\winter2023\componentframework23\componentframework\debug\scene6.obj
g:\winter2023\componentframework23\componentframework\debug\scene5_adv.obj
g:\winter2023\componentframework23\componentframework\debug\scene5.obj
g:\winter2023\componentframework23\componentframework\debug\scene4_adv.obj
g:\winter2023\componentframework23\componentframework\debug\scene4.obj
g:\winter2023\componentframework23\componentframework\debug\scene3.obj
g:\winter2023\componentframework23\componentframework\debug\scene2_adv.obj
g:\winter2023\componentframework23\componentframework\debug\scene2.obj
g:\winter2023\componentframework23\componentframework\debug\scene1_adv.obj
g:\winter2023\componentframework23\componentframework\debug\scene1.obj
g:\winter2023\componentframework23\componentframework\debug\scene0_adv.obj
g:\winter2023\componentframework23\componentframework\debug\scene0.obj
g:\winter2023\componentframework23\componentframework\debug\randomizer.obj
g:\winter2023\componentframework23\componentframework\debug\physicsobject.obj
g:\winter2023\componentframework23\componentframework\debug\physics.obj
g:\winter2023\componentframework23\componentframework\debug\particles.obj
g:\winter2023\componentframework23\componentframework\debug\noise.obj
g:\winter2023\componentframework23\componentframework\debug\gameobject.obj
g:\winter2023\componentframework23\componentframework\debug\debug.obj
g:\winter2023\componentframework23\componentframework\debug\camera.obj
g:\winter2023\componentframework23\componentframework\debug\window.obj
g:\winter2023\componentframework23\componentframework\debug\trackball.obj
g:\winter2023\componentframework23\componentframework\debug\timer.obj
g:\winter2023\componentframework23\componentframework\debug\texture.obj
g:\winter2023\componentframework23\componentframework\debug\skybox.obj
g:\winter2023\componentframework23\componentframework\debug\shader.obj
g:\winter2023\componentframework23\componentframework\debug\objloader.obj
g:\winter2023\componentframework23\componentframework\debug\mesh.obj
g:\winter2023\componentframework23\componentframework\debug\main.obj
g:\winter2023\componentframework23\componentframework\debug\scenemanager.obj
g:\winter2023\componentframework23\componentframework\debug\componentframework.ilk
g:\winter2023\componentframework23\debug\componentframework.exe
g:\winter2023\componentframework23\debug\componentframework.pdb
g:\winter2023\componentframework23\componentframework\debug\componen.614c2865.tlog\cl.command.1.tlog
g:\winter2023\componentframework23\componentframework\debug\componen.614c2865.tlog\cl.read.1.tlog
g:\winter2023\componentframework23\componentframework\debug\componen.614c2865.tlog\cl.write.1.tlog
g:\winter2023\componentframework23\componentframework\debug\componen.614c2865.tlog\link.command.1.tlog
g:\winter2023\componentframework23\componentframework\debug\componen.614c2865.tlog\link.read.1.tlog
g:\winter2023\componentframework23\componentframework\debug\componen.614c2865.tlog\link.write.1.tlog
